#
# There is insufficient memory for the Java Runtime Environment to continue.
# Native memory allocation (malloc) failed to allocate 887216 bytes for Chunk::new
# Possible reasons:
#   The system is out of physical RAM or swap space
#   In 32 bit mode, the process size limit was hit
# Possible solutions:
#   Reduce memory load on the system
#   Increase physical memory or swap space
#   Check if swap backing store is full
#   Use 64 bit Java on a 64 bit OS
#   Decrease Java heap size (-Xmx/-Xms)
#   Decrease number of Java threads
#   Decrease Java thread stack sizes (-Xss)
#   Set larger code cache with -XX:ReservedCodeCacheSize=
# This output file may be truncated or incomplete.
#
#  Out of Memory Error (allocation.cpp:390), pid=1080, tid=8304
#
# JRE version: Java(TM) SE Runtime Environment (8.0_51-b16) (build 1.8.0_51-b16)
# Java VM: Java HotSpot(TM) 64-Bit Server VM (25.51-b03 mixed mode windows-amd64 compressed oops)
# Failed to write core dump. Minidumps are not enabled by default on client versions of Windows
#

---------------  T H R E A D  ---------------

Current thread (0x00000000173b2000):  JavaThread "C2 CompilerThread1" daemon [_thread_in_native, id=8304, stack(0x0000000017760000,0x0000000017860000)]

Stack: [0x0000000017760000,0x0000000017860000]
Native frames: (J=compiled Java code, j=interpreted, Vv=VM code, C=native code)
V  [jvm.dll+0x32b4ca]
V  [jvm.dll+0x2797e3]
V  [jvm.dll+0x27a479]
V  [jvm.dll+0x271765]
V  [jvm.dll+0xcba02]
V  [jvm.dll+0xcbecc]
V  [jvm.dll+0x492a7c]
V  [jvm.dll+0x45f7bf]
V  [jvm.dll+0x46a7cb]
V  [jvm.dll+0x46cde2]
V  [jvm.dll+0x4501a2]
V  [jvm.dll+0xa43a2]
V  [jvm.dll+0xa4cdf]
V  [jvm.dll+0x2418a4]
V  [jvm.dll+0x29846a]
C  [msvcr100.dll+0x21d9f]
C  [msvcr100.dll+0x21e3b]
C  [KERNEL32.DLL+0x18102]
C  [ntdll.dll+0x5c5b4]


Current CompileTask:
C2:   6662 2236       4       com.android.dx.ssa.DeadCodeRemover::run (194 bytes)


---------------  P R O C E S S  ---------------

Java Threads: ( => current thread )
  0x0000000017616000 JavaThread "pool-2-thread-4" [_thread_in_Java, id=7040, stack(0x0000000017f60000,0x0000000018060000)]
  0x000000001760c000 JavaThread "pool-2-thread-3" [_thread_in_Java, id=11104, stack(0x0000000017e60000,0x0000000017f60000)]
  0x0000000017600800 JavaThread "pool-2-thread-2" [_thread_in_vm, id=12592, stack(0x0000000017d60000,0x0000000017e60000)]
  0x00000000175fd800 JavaThread "pool-3-thread-1" [_thread_blocked, id=12776, stack(0x0000000017c60000,0x0000000017d60000)]
  0x00000000175f9000 JavaThread "pool-2-thread-1" [_thread_in_Java, id=8196, stack(0x0000000017b60000,0x0000000017c60000)]
  0x00000000173cb000 JavaThread "Service Thread" daemon [_thread_blocked, id=6864, stack(0x0000000017960000,0x0000000017a60000)]
  0x00000000173bc800 JavaThread "C1 CompilerThread2" daemon [_thread_blocked, id=12528, stack(0x0000000017860000,0x0000000017960000)]
=>0x00000000173b2000 JavaThread "C2 CompilerThread1" daemon [_thread_in_native, id=8304, stack(0x0000000017760000,0x0000000017860000)]
  0x0000000015d5d000 JavaThread "C2 CompilerThread0" daemon [_thread_in_native, id=6108, stack(0x0000000017260000,0x0000000017360000)]
  0x0000000015d5a800 JavaThread "Attach Listener" daemon [_thread_blocked, id=11052, stack(0x0000000017160000,0x0000000017260000)]
  0x0000000015d10000 JavaThread "Signal Dispatcher" daemon [_thread_blocked, id=2920, stack(0x0000000017060000,0x0000000017160000)]
  0x00000000035a7800 JavaThread "Finalizer" daemon [_thread_blocked, id=10508, stack(0x0000000016f60000,0x0000000017060000)]
  0x000000000359e800 JavaThread "Reference Handler" daemon [_thread_blocked, id=8836, stack(0x0000000016e60000,0x0000000016f60000)]
  0x000000000362e000 JavaThread "main" [_thread_in_Java, id=1460, stack(0x0000000003020000,0x0000000003120000)]

Other Threads:
  0x0000000015cc6800 VMThread [stack: 0x0000000016d60000,0x0000000016e60000] [id=11464]
  0x00000000173c0000 WatcherThread [stack: 0x0000000017a60000,0x0000000017b60000] [id=12152]

VM state:not at safepoint (normal execution)

VM Mutex/Monitor currently owned by a thread: None

Heap:
 PSYoungGen      total 289280K, used 144932K [0x00000000eab00000, 0x0000000100000000, 0x0000000100000000)
  eden space 253952K, 48% used [0x00000000eab00000,0x00000000f2323c68,0x00000000fa300000)
  from space 35328K, 62% used [0x00000000fa300000,0x00000000fb865740,0x00000000fc580000)
  to   space 52736K, 0% used [0x00000000fcc80000,0x00000000fcc80000,0x0000000100000000)
 ParOldGen       total 166400K, used 87258K [0x00000000c0000000, 0x00000000ca280000, 0x00000000eab00000)
  object space 166400K, 52% used [0x00000000c0000000,0x00000000c55369d0,0x00000000ca280000)
 Metaspace       used 6466K, capacity 7288K, committed 7552K, reserved 1056768K
  class space    used 611K, capacity 624K, committed 640K, reserved 1048576K

Card table byte_map: [0x00000000129f0000,0x0000000012c00000] byte_map_base: 0x00000000123f0000

Marking Bits: (ParMarkBitMap*) 0x00000000722f4040
 Begin Bits: [0x0000000013160000, 0x0000000014160000)
 End Bits:   [0x0000000014160000, 0x0000000015160000)

Polling page: 0x0000000001420000

CodeCache: size=245760Kb used=9197Kb max_used=9197Kb free=236562Kb
 bounds [0x0000000003630000, 0x0000000003f40000, 0x0000000012630000]
 total_blobs=2420 nmethods=2148 adapters=184
 compilation: enabled

Compilation events (10 events):
Event: 6.342 Thread 0x00000000173bc800 2243 % !   3       com.android.dx.cf.code.Ropper::processBlock @ 290 (1101 bytes)
Event: 6.357 Thread 0x00000000173bc800 nmethod 2243% 0x0000000003f0a350 code [0x0000000003f0af00, 0x0000000003f14ed8]
Event: 6.357 Thread 0x00000000173bc800 2244   !   3       com.android.dx.cf.code.Ropper::processBlock (1101 bytes)
Event: 6.371 Thread 0x00000000173bc800 nmethod 2244 0x0000000003f1df10 code [0x0000000003f1ea80, 0x0000000003f285b8]
Event: 6.466 Thread 0x00000000173bc800 2246       2       com.android.dx.ssa.MoveParamCombiner$1$1::map (21 bytes)
Event: 6.466 Thread 0x00000000173bc800 nmethod 2246 0x0000000003ece750 code [0x0000000003ece8a0, 0x0000000003ecea10]
Event: 6.514 Thread 0x00000000173bc800 2248       2       com.android.dx.command.dexer.Main$NotFilter::accept (19 bytes)
Event: 6.514 Thread 0x00000000173bc800 nmethod 2248 0x0000000003ec5a90 code [0x0000000003ec5c00, 0x0000000003ec5d88]
Event: 6.532 Thread 0x00000000173bc800 2249       2       java.util.concurrent.locks.AbstractQueuedSynchronizer::enq (58 bytes)
Event: 6.533 Thread 0x00000000173bc800 nmethod 2249 0x0000000003ec5510 code [0x0000000003ec5680, 0x0000000003ec5970]

GC Heap History (10 events):
Event: 2.652 GC heap before
{Heap before GC invocations=6 (full 0):
 PSYoungGen      total 71680K, used 71662K [0x00000000eab00000, 0x00000000f4c00000, 0x0000000100000000)
  eden space 66560K, 100% used [0x00000000eab00000,0x00000000eec00000,0x00000000eec00000)
  from space 5120K, 99% used [0x00000000eec00000,0x00000000ef0fbb60,0x00000000ef100000)
  to   space 15872K, 0% used [0x00000000f3c80000,0x00000000f3c80000,0x00000000f4c00000)
 ParOldGen       total 87552K, used 28430K [0x00000000c0000000, 0x00000000c5580000, 0x00000000eab00000)
  object space 87552K, 32% used [0x00000000c0000000,0x00000000c1bc3828,0x00000000c5580000)
 Metaspace       used 6383K, capacity 7224K, committed 7296K, reserved 1056768K
  class space    used 610K, capacity 624K, committed 640K, reserved 1048576K
Event: 2.680 GC heap after
Heap after GC invocations=6 (full 0):
 PSYoungGen      total 146944K, used 15444K [0x00000000eab00000, 0x00000000f5000000, 0x0000000100000000)
  eden space 131072K, 0% used [0x00000000eab00000,0x00000000eab00000,0x00000000f2b00000)
  from space 15872K, 97% used [0x00000000f3c80000,0x00000000f4b95240,0x00000000f4c00000)
  to   space 17920K, 0% used [0x00000000f2b00000,0x00000000f2b00000,0x00000000f3c80000)
 ParOldGen       total 87552K, used 28430K [0x00000000c0000000, 0x00000000c5580000, 0x00000000eab00000)
  object space 87552K, 32% used [0x00000000c0000000,0x00000000c1bc3828,0x00000000c5580000)
 Metaspace       used 6383K, capacity 7224K, committed 7296K, reserved 1056768K
  class space    used 610K, capacity 624K, committed 640K, reserved 1048576K
}
Event: 3.225 GC heap before
{Heap before GC invocations=7 (full 0):
 PSYoungGen      total 146944K, used 146516K [0x00000000eab00000, 0x00000000f5000000, 0x0000000100000000)
  eden space 131072K, 100% used [0x00000000eab00000,0x00000000f2b00000,0x00000000f2b00000)
  from space 15872K, 97% used [0x00000000f3c80000,0x00000000f4b95240,0x00000000f4c00000)
  to   space 17920K, 0% used [0x00000000f2b00000,0x00000000f2b00000,0x00000000f3c80000)
 ParOldGen       total 87552K, used 28430K [0x00000000c0000000, 0x00000000c5580000, 0x00000000eab00000)
  object space 87552K, 32% used [0x00000000c0000000,0x00000000c1bc3828,0x00000000c5580000)
 Metaspace       used 6393K, capacity 7224K, committed 7296K, reserved 1056768K
  class space    used 610K, capacity 624K, committed 640K, reserved 1048576K
Event: 3.277 GC heap after
Heap after GC invocations=7 (full 0):
 PSYoungGen      total 148992K, used 17913K [0x00000000eab00000, 0x00000000fe000000, 0x0000000100000000)
  eden space 131072K, 0% used [0x00000000eab00000,0x00000000eab00000,0x00000000f2b00000)
  from space 17920K, 99% used [0x00000000f2b00000,0x00000000f3c7e550,0x00000000f3c80000)
  to   space 27136K, 0% used [0x00000000fc580000,0x00000000fc580000,0x00000000fe000000)
 ParOldGen       total 87552K, used 42174K [0x00000000c0000000, 0x00000000c5580000, 0x00000000eab00000)
  object space 87552K, 48% used [0x00000000c0000000,0x00000000c292fb40,0x00000000c5580000)
 Metaspace       used 6393K, capacity 7224K, committed 7296K, reserved 1056768K
  class space    used 610K, capacity 624K, committed 640K, reserved 1048576K
}
Event: 3.867 GC heap before
{Heap before GC invocations=8 (full 0):
 PSYoungGen      total 148992K, used 148985K [0x00000000eab00000, 0x00000000fe000000, 0x0000000100000000)
  eden space 131072K, 100% used [0x00000000eab00000,0x00000000f2b00000,0x00000000f2b00000)
  from space 17920K, 99% used [0x00000000f2b00000,0x00000000f3c7e550,0x00000000f3c80000)
  to   space 27136K, 0% used [0x00000000fc580000,0x00000000fc580000,0x00000000fe000000)
 ParOldGen       total 87552K, used 42174K [0x00000000c0000000, 0x00000000c5580000, 0x00000000eab00000)
  object space 87552K, 48% used [0x00000000c0000000,0x00000000c292fb40,0x00000000c5580000)
 Metaspace       used 6427K, capacity 7224K, committed 7296K, reserved 1056768K
  class space    used 611K, capacity 624K, committed 640K, reserved 1048576K
Event: 3.943 GC heap after
Heap after GC invocations=8 (full 0):
 PSYoungGen      total 281088K, used 27118K [0x00000000eab00000, 0x00000000ff000000, 0x0000000100000000)
  eden space 253952K, 0% used [0x00000000eab00000,0x00000000eab00000,0x00000000fa300000)
  from space 27136K, 99% used [0x00000000fc580000,0x00000000fdffbb40,0x00000000fe000000)
  to   space 35328K, 0% used [0x00000000fa300000,0x00000000fa300000,0x00000000fc580000)
 ParOldGen       total 87552K, used 51988K [0x00000000c0000000, 0x00000000c5580000, 0x00000000eab00000)
  object space 87552K, 59% used [0x00000000c0000000,0x00000000c32c50f8,0x00000000c5580000)
 Metaspace       used 6427K, capacity 7224K, committed 7296K, reserved 1056768K
  class space    used 611K, capacity 624K, committed 640K, reserved 1048576K
}
Event: 5.046 GC heap before
{Heap before GC invocations=9 (full 0):
 PSYoungGen      total 281088K, used 281070K [0x00000000eab00000, 0x00000000ff000000, 0x0000000100000000)
  eden space 253952K, 100% used [0x00000000eab00000,0x00000000fa300000,0x00000000fa300000)
  from space 27136K, 99% used [0x00000000fc580000,0x00000000fdffbb40,0x00000000fe000000)
  to   space 35328K, 0% used [0x00000000fa300000,0x00000000fa300000,0x00000000fc580000)
 ParOldGen       total 87552K, used 51988K [0x00000000c0000000, 0x00000000c5580000, 0x00000000eab00000)
  object space 87552K, 59% used [0x00000000c0000000,0x00000000c32c50f8,0x00000000c5580000)
 Metaspace       used 6454K, capacity 7288K, committed 7552K, reserved 1056768K
  class space    used 611K, capacity 624K, committed 640K, reserved 1048576K
Event: 5.140 GC heap after
Heap after GC invocations=9 (full 0):
 PSYoungGen      total 289280K, used 35320K [0x00000000eab00000, 0x0000000100000000, 0x0000000100000000)
  eden space 253952K, 0% used [0x00000000eab00000,0x00000000eab00000,0x00000000fa300000)
  from space 35328K, 99% used [0x00000000fa300000,0x00000000fc57e040,0x00000000fc580000)
  to   space 52736K, 0% used [0x00000000fcc80000,0x00000000fcc80000,0x0000000100000000)
 ParOldGen       total 87552K, used 81957K [0x00000000c0000000, 0x00000000c5580000, 0x00000000eab00000)
  object space 87552K, 93% used [0x00000000c0000000,0x00000000c5009610,0x00000000c5580000)
 Metaspace       used 6454K, capacity 7288K, committed 7552K, reserved 1056768K
  class space    used 611K, capacity 624K, committed 640K, reserved 1048576K
}
Event: 5.140 GC heap before
{Heap before GC invocations=10 (full 1):
 PSYoungGen      total 289280K, used 35320K [0x00000000eab00000, 0x0000000100000000, 0x0000000100000000)
  eden space 253952K, 0% used [0x00000000eab00000,0x00000000eab00000,0x00000000fa300000)
  from space 35328K, 99% used [0x00000000fa300000,0x00000000fc57e040,0x00000000fc580000)
  to   space 52736K, 0% used [0x00000000fcc80000,0x00000000fcc80000,0x0000000100000000)
 ParOldGen       total 87552K, used 81957K [0x00000000c0000000, 0x00000000c5580000, 0x00000000eab00000)
  object space 87552K, 93% used [0x00000000c0000000,0x00000000c5009610,0x00000000c5580000)
 Metaspace       used 6454K, capacity 7288K, committed 7552K, reserved 1056768K
  class space    used 611K, capacity 624K, committed 640K, reserved 1048576K
Event: 6.138 GC heap after
Heap after GC invocations=10 (full 1):
 PSYoungGen      total 289280K, used 21909K [0x00000000eab00000, 0x0000000100000000, 0x0000000100000000)
  eden space 253952K, 0% used [0x00000000eab00000,0x00000000eab00000,0x00000000fa300000)
  from space 35328K, 62% used [0x00000000fa300000,0x00000000fb865740,0x00000000fc580000)
  to   space 52736K, 0% used [0x00000000fcc80000,0x00000000fcc80000,0x0000000100000000)
 ParOldGen       total 166400K, used 87258K [0x00000000c0000000, 0x00000000ca280000, 0x00000000eab00000)
  object space 166400K, 52% used [0x00000000c0000000,0x00000000c55369d0,0x00000000ca280000)
 Metaspace       used 6454K, capacity 7288K, committed 7552K, reserved 1056768K
  class space    used 611K, capacity 624K, committed 640K, reserved 1048576K
}

Deoptimization events (10 events):
Event: 2.429 Thread 0x0000000017600800 Uncommon trap: reason=bimorphic action=maybe_recompile pc=0x00000000038abb9c method=java.util.HashMap.getNode(ILjava/lang/Object;)Ljava/util/HashMap$Node; @ 126
Event: 2.721 Thread 0x0000000017616000 Uncommon trap: reason=unstable_if action=reinterpret pc=0x0000000003c0fb0c method=java.util.HashMap.getNode(ILjava/lang/Object;)Ljava/util/HashMap$Node; @ 84
Event: 3.592 Thread 0x00000000175f9000 Uncommon trap: reason=unstable_if action=reinterpret pc=0x0000000003d1cd30 method=com.android.dx.ssa.LocalVariableExtractor.processBlock(I)V @ 251
Event: 4.835 Thread 0x0000000017616000 Uncommon trap: reason=unstable_if action=reinterpret pc=0x0000000003e7e838 method=com.android.dx.ssa.SsaMethod.makeExitBlock()V @ 103
Event: 4.835 Thread 0x0000000017616000 Uncommon trap: reason=unstable_if action=reinterpret pc=0x0000000003c19548 method=com.android.dx.ssa.SsaMethod.getExitBlock()Lcom/android/dx/ssa/SsaBasicBlock; @ 4
Event: 4.835 Thread 0x0000000017616000 Uncommon trap: reason=unstable_if action=reinterpret pc=0x00000000038c27f4 method=com.android.dx.ssa.SsaMethod.getExitBlock()Lcom/android/dx/ssa/SsaBasicBlock; @ 4
Event: 4.850 Thread 0x0000000017616000 Uncommon trap: reason=unstable_if action=reinterpret pc=0x0000000003bf6858 method=com.android.dx.ssa.SCCP.simulateStmt(Lcom/android/dx/ssa/SsaInsn;)V @ 435
Event: 4.850 Thread 0x0000000017616000 Uncommon trap: reason=unstable_if action=reinterpret pc=0x0000000003cc56d8 method=com.android.dx.ssa.SCCP.simulateBranch(Lcom/android/dx/ssa/SsaInsn;)V @ 548
Event: 4.910 Thread 0x0000000017616000 Uncommon trap: reason=unstable_if action=reinterpret pc=0x0000000003e61380 method=com.android.dx.ssa.back.IdenticalBlockCombiner.replaceSucc(Lcom/android/dx/rop/code/BasicBlock;II)V @ 30
Event: 6.178 Thread 0x000000001760c000 Uncommon trap: reason=unstable_if action=reinterpret pc=0x0000000003e448dc method=com.android.dx.cf.code.Ropper.processBlock(Lcom/android/dx/cf/code/ByteBlock;Lcom/android/dx/cf/code/Frame;[I)V @ 651

Internal exceptions (8 events):
Event: 0.060 Thread 0x000000000362e000 Exception <a 'java/lang/NoSuchMethodError': Method sun.misc.Unsafe.defineClass(Ljava/lang/String;[BII)Ljava/lang/Class; name or signature does not match> (0x00000000eab12ef8) thrown at [C:\re\workspace\8-2-build-windows-amd64-cygwin\jdk8u51\3951\hotspot\srŒ+;Îä®?
Event: 0.060 Thread 0x000000000362e000 Exception <a 'java/lang/NoSuchMethodError': Method sun.misc.Unsafe.prefetchRead(Ljava/lang/Object;J)V name or signature does not match> (0x00000000eab13188) thrown at [C:\re\workspace\8-2-build-windows-amd64-cygwin\jdk8u51\3951\hotspot\src\share\vm\prims\j;Ó0#Ûsì?
Event: 0.889 Thread 0x000000000362e000 Implicit null exception at 0x0000000003964322 to 0x0000000003964425
Event: 1.192 Thread 0x0000000017616000 Implicit null exception at 0x000000000398bc41 to 0x000000000398e5d5
Event: 1.335 Thread 0x0000000017616000 Exception <a 'java/lang/ArrayIndexOutOfBoundsException': 18> (0x00000000ebacad80) thrown at [C:\re\workspace\8-2-build-windows-amd64-cygwin\jdk8u51\3951\hotspot\src\share\vm\interpreter\interpreterRuntime.cpp, line 366]
Event: 1.336 Thread 0x0000000017616000 Exception <a 'java/lang/ArrayIndexOutOfBoundsException': 145> (0x00000000ebacc850) thrown at [C:\re\workspace\8-2-build-windows-amd64-cygwin\jdk8u51\3951\hotspot\src\share\vm\interpreter\interpreterRuntime.cpp, line 366]
Event: 1.337 Thread 0x0000000017616000 Exception <a 'java/lang/ArrayIndexOutOfBoundsException'> (0x00000000ebacda88) thrown at [C:\re\workspace\8-2-build-windows-amd64-cygwin\jdk8u51\3951\hotspot\src\share\vm\runtime\sharedRuntime.cpp, line 605]
Event: 1.402 Thread 0x00000000175f9000 Implicit null exception at 0x0000000003b305df to 0x0000000003b30789

Events (10 events):
Event: 6.524 Thread 0x00000000175f9000 DEOPT PACKING pc=0x0000000003eb72e5 sp=0x0000000017c5e3e0
Event: 6.524 Thread 0x00000000175f9000 DEOPT UNPACKING pc=0x000000000367787f sp=0x0000000017c5e1c0 mode 0
Event: 6.531 Thread 0x000000001760c000 DEOPT PACKING pc=0x0000000003eb74cf sp=0x0000000017f5e7c0
Event: 6.531 Thread 0x000000001760c000 DEOPT UNPACKING pc=0x000000000367787f sp=0x0000000017f5e5a0 mode 0
Event: 6.538 Thread 0x0000000017616000 DEOPT PACKING pc=0x0000000003eb72e5 sp=0x000000001805e7f0
Event: 6.538 Thread 0x0000000017616000 DEOPT UNPACKING pc=0x000000000367787f sp=0x000000001805e5d0 mode 0
Event: 6.540 Thread 0x0000000017616000 DEOPT PACKING pc=0x0000000003af9389 sp=0x000000001805e8b0
Event: 6.540 Thread 0x0000000017616000 DEOPT UNPACKING pc=0x000000000367787f sp=0x000000001805e6e0 mode 0
Event: 6.545 Thread 0x000000001760c000 DEOPT PACKING pc=0x0000000003eb72e5 sp=0x0000000017f5e720
Event: 6.545 Thread 0x000000001760c000 DEOPT UNPACKING pc=0x000000000367787f sp=0x0000000017f5e500 mode 0


Dynamic libraries:
0x00007ff61f8f0000 - 0x00007ff61f927000 	C:\Program Files\Java\jdk1.8.0_51\bin\java.exe
0x00007ffa82610000 - 0x00007ffa827d1000 	C:\WINDOWS\SYSTEM32\ntdll.dll
0x00007ffa814a0000 - 0x00007ffa8154d000 	C:\WINDOWS\system32\KERNEL32.DLL
0x00007ffa7f5c0000 - 0x00007ffa7f7a8000 	C:\WINDOWS\system32\KERNELBASE.dll
0x00007ffa812b0000 - 0x00007ffa81357000 	C:\WINDOWS\system32\ADVAPI32.dll
0x00007ffa81c10000 - 0x00007ffa81cad000 	C:\WINDOWS\system32\msvcrt.dll
0x00007ffa81250000 - 0x00007ffa812ab000 	C:\WINDOWS\system32\sechost.dll
0x00007ffa81380000 - 0x00007ffa8149c000 	C:\WINDOWS\system32\RPCRT4.dll
0x00007ffa81e00000 - 0x00007ffa81f56000 	C:\WINDOWS\system32\USER32.dll
0x00007ffa81060000 - 0x00007ffa811e6000 	C:\WINDOWS\system32\GDI32.dll
0x00007ffa6e230000 - 0x00007ffa6e4a4000 	C:\WINDOWS\WinSxS\amd64_microsoft.windows.common-controls_6595b64144ccf1df_6.0.10586.494_none_a2d8b04ea53e3145\COMCTL32.dll
0x00007ffa81720000 - 0x00007ffa8199d000 	C:\WINDOWS\system32\combase.dll
0x00007ffa7ecc0000 - 0x00007ffa7ed2a000 	C:\WINDOWS\system32\bcryptPrimitives.dll
0x00007ffa7fa10000 - 0x00007ffa7fa4b000 	C:\WINDOWS\system32\IMM32.DLL
0x0000000071a10000 - 0x0000000071ae2000 	C:\Program Files\Java\jdk1.8.0_51\jre\bin\msvcr100.dll
0x0000000071af0000 - 0x0000000072373000 	C:\Program Files\Java\jdk1.8.0_51\jre\bin\server\jvm.dll
0x00007ffa81df0000 - 0x00007ffa81df8000 	C:\WINDOWS\system32\PSAPI.DLL
0x00007ffa71460000 - 0x00007ffa71469000 	C:\WINDOWS\SYSTEM32\WSOCK32.dll
0x00007ffa816b0000 - 0x00007ffa8171b000 	C:\WINDOWS\system32\WS2_32.dll
0x00007ffa7cec0000 - 0x00007ffa7cee3000 	C:\WINDOWS\SYSTEM32\WINMM.dll
0x00007ffa7cca0000 - 0x00007ffa7ccaa000 	C:\WINDOWS\SYSTEM32\VERSION.dll
0x00007ffa7ce90000 - 0x00007ffa7cebc000 	C:\WINDOWS\SYSTEM32\WINMMBASE.dll
0x00007ffa7eec0000 - 0x00007ffa7ef03000 	C:\WINDOWS\system32\cfgmgr32.dll
0x0000000073220000 - 0x000000007322f000 	C:\Program Files\Java\jdk1.8.0_51\jre\bin\verify.dll
0x00000000731a0000 - 0x00000000731c9000 	C:\Program Files\Java\jdk1.8.0_51\jre\bin\java.dll
0x0000000073180000 - 0x0000000073196000 	C:\Program Files\Java\jdk1.8.0_51\jre\bin\zip.dll
0x00007ffa7fb00000 - 0x00007ffa8105c000 	C:\WINDOWS\system32\SHELL32.dll
0x00007ffa7ef70000 - 0x00007ffa7f5b5000 	C:\WINDOWS\system32\windows.storage.dll
0x00007ffa82110000 - 0x00007ffa82162000 	C:\WINDOWS\system32\shlwapi.dll
0x00007ffa7ecb0000 - 0x00007ffa7ecbf000 	C:\WINDOWS\system32\kernel.appcore.dll
0x00007ffa7ed30000 - 0x00007ffa7ede5000 	C:\WINDOWS\system32\shcore.dll
0x00007ffa7ec50000 - 0x00007ffa7ec9b000 	C:\WINDOWS\system32\powrprof.dll
0x00007ffa7ec30000 - 0x00007ffa7ec44000 	C:\WINDOWS\system32\profapi.dll
0x00007ffa745a0000 - 0x00007ffa7472c000 	C:\WINDOWS\SYSTEM32\dbghelp.dll

VM Arguments:
jvm_args: -Djava.awt.headless=true -Xmx1024M -Dfile.encoding=GBK -Duser.country=CN -Duser.language=zh -Duser.variant 
java_command: com.android.dx.command.Main --dex --num-threads=4 --multi-dex --main-dex-list D:\java\AndroidStudio\StockHawk\app\build\intermediates\multi-dex\debug\maindexlist.txt --output D:\java\AndroidStudio\StockHawk\app\build\intermediates\transforms\dex\debug\folders\1000\1f\main D:\java\AndroidStudio\StockHawk\app\build\intermediates\transforms\jarMerging\debug\jars\1\1f\combined.jar
java_class_path (initial): E:\Users\guoecho\AppData\Local\Android\sdk1\build-tools\23.0.1\lib\dx.jar
Launcher Type: SUN_STANDARD

Environment Variables:
JAVA_HOME=C:\Program Files\Java\jdk1.8.0_51
CLASSPATH=.;C:\Program Files\Java\jdk1.8.0_51\lib;
PATH=C:\Program Files\Java\jdk1.8.0_51\bin;C:\ProgramData\Oracle\Java\javapath;C:\Program Files (x86)\Intel\iCLS Client\;C:\Program Files\Intel\iCLS Client\;C:\Windows\system32;C:\Windows;C:\Windows\System32\Wbem;C:\Windows\System32\WindowsPowerShell\v1.0\;C:\Program Files (x86)\Acer\abFiles\;C:\Program Files\Intel\Intel(R) Management Engine Components\DAL;C:\Program Files (x86)\Intel\Intel(R) Management Engine Components\DAL;C:\Program Files\Intel\Intel(R) Management Engine Components\IPT;C:\Program Files (x86)\Intel\Intel(R) Management Engine Components\IPT;C:\WINDOWS\system32;C:\WINDOWS;C:\WINDOWS\System32\Wbem;C:\WINDOWS\System32\WindowsPowerShell\v1.0\;C:\Program Files (x86)\MySQL\MySQL Fabric 1.5 & MySQL Utilities 1.5\;C:\Program Files (x86)\MySQL\MySQL Fabric 1.5 & MySQL Utilities 1.5\Doctrine extensions for PHP\;C:\WINDOWSSystem32;C:\WINDOWSSystem32WindowsPowerShellv1.0;E:\Program Files (x86)\Python\Python35-32\Scripts\;E:\Program Files (x86)\Python\Python35-32\
USERNAME=guoecho
OS=Windows_NT
PROCESSOR_IDENTIFIER=Intel64 Family 6 Model 61 Stepping 4, GenuineIntel



---------------  S Y S T E M  ---------------

OS: Windows 10.0 , 64 bit Build 10586 (10.0.10586.0)

CPU:total 4 (2 cores per cpu, 2 threads per core) family 6 model 61 stepping 4, cmov, cx8, fxsr, mmx, sse, sse2, sse3, ssse3, sse4.1, sse4.2, popcnt, avx, avx2, aes, clmul, erms, 3dnowpref, lzcnt, ht, tsc, tscinvbit, bmi1, bmi2, adx

Memory: 4k page, physical 8301904k(1365764k free), swap 8301904k(5308k free)

vm_info: Java HotSpot(TM) 64-Bit Server VM (25.51-b03) for windows-amd64 JRE (1.8.0_51-b16), built on Jun  8 2015 18:03:07 by "java_re" with MS VC++ 10.0 (VS2010)

time: Sat Aug 20 18:01:36 2016
elapsed time: 6 seconds (0d 0h 0m 6s)

